<?xml version="1.0" encoding="UTF-8"?>
<!-- Generated by org.testng.reporters.JUnitReportReporter -->
<testsuite skipped="0" hostname="WINVA185060-0WA" name="com.sag.test.AutoPageTest" tests="1" failures="0" timestamp="27 Nov 2020 06:04:11 GMT" time="9.844" errors="0">
  <testcase name="test1" time="9.844" classname="com.sag.test.AutoPageTest"/>
</testsuite> <!-- com.sag.test.AutoPageTest -->
